<?xml version="1.0" encoding="UTF-8"?>
<testsuite xmlns:xsi="http://www.w3.org/2001/XMLSchema-instance" xsi:noNamespaceSchemaLocation="https://maven.apache.org/surefire/maven-surefire-plugin/xsd/surefire-test-report.xsd" name="br.com.restassuredapitesting.runners.AllTests" time="31.051" tests="19" errors="0" skipped="0" failures="0">
  <properties>
[...]
</properties>
  <testcase name="validaApiOnline" classname="br.com.restassuredapitesting.tests.healthcheck.tests.GetPingTest" time="1.83"/>
  <testcase name="listarUmaReservaEspecifica" classname="br.com.restassuredapitesting.tests.booking.tests.GetBookingTest" time="2.017"/>
  <testcase name="listagemDeIdsDasReservas" classname="br.com.restassuredapitesting.tests.booking.tests.GetBookingTest" time="0.873"/>
  <testcase name="validaSchemaDaListagemDeReservas" classname="br.com.restassuredapitesting.tests.booking.tests.GetBookingTest" time="1.055"/>
  <testcase name="testValidateSchemaDeIdEspecifico" classname="br.com.restassuredapitesting.tests.booking.tests.GetBookingTest" time="1.655"/>
  <testcase name="alteraReservaUtilizandoBasicAuth" classname="br.com.restassuredapitesting.tests.booking.tests.PutBookingTest" time="1.678"/>
  <testcase name="alteraReservaUtilizandoTokenInvalido" classname="br.com.restassuredapitesting.tests.booking.tests.PutBookingTest" time="1.64"/>
  <testcase name="alteraReservaUtilizandoToken" classname="br.com.restassuredapitesting.tests.booking.tests.PutBookingTest" time="2.474"/>
  <testcase name="alteraReservaQuandoTokenNaoForEnviado" classname="br.com.restassuredapitesting.tests.booking.tests.PutBookingTest" time="1.644"/>
  <testcase name="alteraReservaQueNaoExiste" classname="br.com.restassuredapitesting.tests.booking.tests.PutBookingTest" time="1.652"/>
  <testcase name="criaReservaComPayloadComParametrosExtra" classname="br.com.restassuredapitesting.tests.booking.tests.PostBookingTest" time="0.898"/>
  <testcase name="validaSchemaDeCriacaoDeReserva" classname="br.com.restassuredapitesting.tests.booking.tests.PostBookingTest" time="0.825"/>
  <testcase name="criaReserva" classname="br.com.restassuredapitesting.tests.booking.tests.PostBookingTest" time="0.826"/>
  <testcase name="criaReservaComPayloadInvalido" classname="br.com.restassuredapitesting.tests.booking.tests.PostBookingTest" time="0.818"/>
  <testcase name="criaReservasEmSequencia" classname="br.com.restassuredapitesting.tests.booking.tests.PostBookingTest" time="4.116"/>
  <testcase name="deletarReservaSemToken" classname="br.com.restassuredapitesting.tests.booking.tests.DeleteBookingTest" time="1.637"/>
  <testcase name="deleteBooking" classname="br.com.restassuredapitesting.tests.booking.tests.DeleteBookingTest" time="2.455"/>
  <testcase name="deletarReservaQueNaoExiste" classname="br.com.restassuredapitesting.tests.booking.tests.DeleteBookingTest" time="1.632"/>
  <testcase name="validaRetornoDeTokenParaUsuario" classname="br.com.restassuredapitesting.tests.auth.tests.PostAuthTest" time="0.82"/>
</testsuite>